[2026-04-18T06:47:41.169Z] [startup] Starting
[2026-04-18T06:47:43.000Z] [startup] BTC ticker ready
[2026-04-18T06:47:43.561Z] [startup] Nonce-guard fill feed disabled
[2026-04-18T06:47:43.561Z] [startup] [PAPER] Paper balance: $500.00
[2026-04-18T06:47:43.561Z] [wallet] Init: $500.00
[2026-04-18T06:47:43.561Z] [startup] Min session PnL exit: $25.00
[2026-04-18T06:47:43.562Z] [startup] Loading state from state/late-entry-btc-prod.json
[2026-04-18T06:50:01.678Z] [btc-updown-5m-1776495000] skip-summary (1 in 137s) — time-window:1
[2026-04-18T06:51:01.752Z] [btc-updown-5m-1776495000] skip-summary (599 in 60s) — time-window:599
[2026-04-18T06:52:01.831Z] [btc-updown-5m-1776495000] skip-summary (599 in 60s) — time-window:599
[2026-04-18T06:53:01.838Z] [btc-updown-5m-1776495000] skip-summary (598 in 60s) — time-window:570  price-band:28
[2026-04-18T06:54:01.880Z] [btc-updown-5m-1776495000] skip-summary (599 in 60s) — price-band:544  prob:50  liquidity:5
[2026-04-18T06:54:54.090Z] [btc-updown-5m-1776495000] skip-summary (521 in 52s) — price-band:431  time-window:90
[2026-04-18T06:54:54.221Z] [btc-updown-5m-1776495000] Settled. PnL: +$0.00
[2026-04-18T06:54:54.320Z] [btc-updown-5m-1776495000] Session PnL: $-6.45
[2026-04-18T06:54:54.320Z] [btc-updown-5m-1776495000] destroy()
[2026-04-18T06:55:00.624Z] [btc-updown-5m-1776495300] skip-summary (1 in 299s) — time-window:1
[2026-04-18T06:56:00.659Z] [btc-updown-5m-1776495300] skip-summary (599 in 60s) — time-window:599
[2026-04-18T06:57:00.679Z] [btc-updown-5m-1776495300] skip-summary (599 in 60s) — time-window:599
[2026-04-18T06:58:00.710Z] [btc-updown-5m-1776495300] skip-summary (599 in 60s) — time-window:582  price-band:17
[2026-04-18T06:59:00.732Z] [btc-updown-5m-1776495300] skip-summary (599 in 60s) — price-band:378  prob:133  liquidity:88
[2026-04-18T06:59:54.077Z] [btc-updown-5m-1776495300] skip-summary (532 in 53s) — prob:353  time-window:90  liquidity:89
[2026-04-18T06:59:54.183Z] [btc-updown-5m-1776495300] Settled. PnL: +$0.00
[2026-04-18T06:59:54.283Z] [btc-updown-5m-1776495300] Session PnL: $-6.45
[2026-04-18T06:59:54.284Z] [btc-updown-5m-1776495300] destroy()
[2026-04-18T07:00:00.728Z] [btc-updown-5m-1776495600] skip-summary (1 in 300s) — time-window:1
[2026-04-18T07:01:00.769Z] [btc-updown-5m-1776495600] skip-summary (599 in 60s) — time-window:599
[2026-04-18T07:02:00.794Z] [btc-updown-5m-1776495600] skip-summary (599 in 60s) — time-window:599
[2026-04-18T07:03:00.820Z] [btc-updown-5m-1776495600] skip-summary (599 in 60s) — time-window:581  prob:11  liquidity:7
[2026-04-18T07:04:00.874Z] [btc-updown-5m-1776495600] skip-summary (599 in 60s) — prob:425  liquidity:174
[2026-04-18T07:04:54.091Z] [btc-updown-5m-1776495600] skip-summary (531 in 53s) — price-band:182  liquidity:152  prob:107  time-window:90
[2026-04-18T07:04:54.191Z] [btc-updown-5m-1776495600] Settled. PnL: +$0.00
[2026-04-18T07:04:54.292Z] [btc-updown-5m-1776495600] Session PnL: $-6.45
[2026-04-18T07:04:54.292Z] [btc-updown-5m-1776495600] destroy()
[2026-04-18T07:05:01.149Z] [btc-updown-5m-1776495900] skip-summary (1 in 300s) — time-window:1
[2026-04-18T07:06:01.204Z] [btc-updown-5m-1776495900] skip-summary (599 in 60s) — time-window:599
[2026-04-18T07:07:01.265Z] [btc-updown-5m-1776495900] skip-summary (599 in 60s) — time-window:599
[2026-04-18T07:08:01.296Z] [btc-updown-5m-1776495900] skip-summary (599 in 60s) — time-window:577  liquidity:11  prob:11
[2026-04-18T07:09:01.343Z] [btc-updown-5m-1776495900] skip-summary (599 in 60s) — prob:500  liquidity:99
[2026-04-18T07:09:54.086Z] [btc-updown-5m-1776495900] skip-summary (526 in 53s) — price-band:315  time-window:90  prob:60  liquidity:39  ev:22
[2026-04-18T07:09:54.272Z] [btc-updown-5m-1776495900] Settled. PnL: +$0.00
[2026-04-18T07:09:54.371Z] [btc-updown-5m-1776495900] Session PnL: $-6.45
[2026-04-18T07:09:54.371Z] [btc-updown-5m-1776495900] destroy()
[2026-04-18T07:10:00.743Z] [btc-updown-5m-1776496200] skip-summary (1 in 300s) — time-window:1
[2026-04-18T07:11:00.792Z] [btc-updown-5m-1776496200] skip-summary (599 in 60s) — time-window:599
[2026-04-18T07:12:00.810Z] [btc-updown-5m-1776496200] skip-summary (599 in 60s) — time-window:599
[2026-04-18T07:13:00.865Z] [btc-updown-5m-1776496200] skip-summary (599 in 60s) — time-window:581  price-band:18
[2026-04-18T07:14:00.953Z] [btc-updown-5m-1776496200] skip-summary (599 in 60s) — price-band:300  liquidity:155  prob:144
[2026-04-18T07:14:54.080Z] [btc-updown-5m-1776496200] skip-summary (530 in 53s) — prob:171  liquidity:145  price-band:124  time-window:90
[2026-04-18T07:14:54.219Z] [btc-updown-5m-1776496200] Settled. PnL: +$0.00
[2026-04-18T07:14:54.319Z] [btc-updown-5m-1776496200] Session PnL: $-6.45
[2026-04-18T07:14:54.319Z] [btc-updown-5m-1776496200] destroy()
[2026-04-18T07:15:01.394Z] [btc-updown-5m-1776496500] skip-summary (1 in 300s) — time-window:1
[2026-04-18T07:16:01.438Z] [btc-updown-5m-1776496500] skip-summary (599 in 60s) — time-window:599
[2026-04-18T07:16:50.719Z] [shutdown] SIGTERM received. Initiating graceful shutdown...
