[2026-04-18T03:17:25.115Z] [startup] Starting
[2026-04-18T03:17:27.552Z] [startup] BTC ticker ready
[2026-04-18T03:17:28.122Z] [startup] Nonce-guard fill feed output enabled: /home/brandon/.openclaw/workspace/polymarket/nonce-guard-bot/state/live-fills.jsonl
[2026-04-18T03:17:28.122Z] [startup] [PAPER] Paper balance: $500.00
[2026-04-18T03:17:28.122Z] [wallet] Init: $500.00
[2026-04-18T03:17:28.122Z] [startup] Min session PnL exit: $Infinity
[2026-04-18T03:17:28.123Z] [startup] Loading state from state/late-entry-btc-prod.json
[2026-04-18T03:20:01.182Z] [btc-updown-5m-1776482400] skip-summary (1 in 152s) — time-window:1
[2026-04-18T03:21:01.231Z] [btc-updown-5m-1776482400] skip-summary (599 in 60s) — time-window:599
[2026-04-18T03:22:01.317Z] [btc-updown-5m-1776482400] skip-summary (599 in 60s) — time-window:599
[2026-04-18T03:23:01.324Z] [btc-updown-5m-1776482400] skip-summary (599 in 60s) — time-window:576  liquidity:18  prob:5
[2026-04-18T03:24:01.356Z] [btc-updown-5m-1776482400] skip-summary (599 in 60s) — prob:485  liquidity:114
[2026-04-18T03:24:39.291Z] [shutdown] SIGTERM received. Initiating graceful shutdown...
[2026-04-18T03:24:39.292Z] [shutdown] SIGTERM received.
[2026-04-18T03:24:39.292Z] [shutdown] Signalling all lifecycles to cancel.
[2026-04-18T03:24:39.292Z] [shutdown] Waiting for 2 lifecycle(s) to settle...
[2026-04-18T03:24:39.293Z] [btc-updown-5m-1776482400] Settled. PnL: +$0.00
[2026-04-18T03:24:39.293Z] [btc-updown-5m-1776482700] Settled. PnL: +$0.00
[2026-04-18T03:24:39.336Z] [shutdown] SIGTERM received. Initiating graceful shutdown...
[2026-04-18T03:24:39.392Z] [btc-updown-5m-1776482400] Session PnL: +$0.79
[2026-04-18T03:24:39.393Z] [btc-updown-5m-1776482400] destroy()
[2026-04-18T03:24:39.394Z] [btc-updown-5m-1776482700] Session PnL: +$0.79
[2026-04-18T03:24:39.394Z] [btc-updown-5m-1776482700] destroy()
[2026-04-18T03:24:39.394Z] [shutdown] All settled. Exiting.
