[2026-04-18T11:09:13.026Z] [startup] Starting
[2026-04-18T11:09:15.356Z] [startup] BTC ticker ready
[2026-04-18T11:09:15.925Z] [startup] Nonce-guard fill feed output enabled: /home/brandon/.openclaw/workspace/polymarket/nonce-guard-bot/state/live-fills.jsonl
[2026-04-18T11:09:15.926Z] [startup] [PAPER] Paper balance: $500.00
[2026-04-18T11:09:15.926Z] [wallet] Init: $500.00
[2026-04-18T11:09:15.926Z] [startup] Min session PnL exit: $Infinity
[2026-04-18T11:09:15.926Z] [startup] Loading state from state/late-entry-btc-prod.json
[2026-04-18T11:10:17.141Z] [btc-updown-5m-1776510600] skip-summary (158 in 60s) — time-window:158
[2026-04-18T11:11:17.229Z] [btc-updown-5m-1776510600] skip-summary (599 in 60s) — time-window:599
[2026-04-18T11:12:17.297Z] [btc-updown-5m-1776510600] skip-summary (599 in 60s) — time-window:599
[2026-04-18T11:13:17.368Z] [btc-updown-5m-1776510600] skip-summary (599 in 60s) — time-window:416  price-band:183
[2026-04-18T11:14:17.450Z] [btc-updown-5m-1776510600] skip-summary (598 in 60s) — price-band:341  liquidity:137  prob:104  divergence:16
[2026-04-18T11:14:54.092Z] [btc-updown-5m-1776510600] skip-summary (365 in 37s) — price-band:275  time-window:90
[2026-04-18T11:14:54.292Z] [btc-updown-5m-1776510600] Settled. PnL: +$0.00
[2026-04-18T11:14:54.392Z] [btc-updown-5m-1776510600] Session PnL: $-6.45
[2026-04-18T11:14:54.395Z] [btc-updown-5m-1776510600] destroy()
[2026-04-18T11:15:00.740Z] [btc-updown-5m-1776510900] skip-summary (1 in 300s) — time-window:1
[2026-04-18T11:16:00.808Z] [btc-updown-5m-1776510900] skip-summary (599 in 60s) — time-window:599
[2026-04-18T11:17:00.875Z] [btc-updown-5m-1776510900] skip-summary (599 in 60s) — time-window:599
[2026-04-18T11:18:00.885Z] [btc-updown-5m-1776510900] skip-summary (598 in 60s) — time-window:580  price-band:18
[2026-04-18T11:19:00.889Z] [btc-updown-5m-1776510900] skip-summary (598 in 60s) — prob:285  price-band:247  liquidity:60  divergence:6
[2026-04-18T11:19:54.005Z] [btc-updown-5m-1776510900] skip-summary (529 in 53s) — no-book:227  price-band:200  time-window:89  liquidity:11  prob:2
[2026-04-18T11:19:54.187Z] [btc-updown-5m-1776510900] Settled. PnL: +$0.00
[2026-04-18T11:19:54.287Z] [btc-updown-5m-1776510900] Session PnL: $-6.45
[2026-04-18T11:19:54.288Z] [btc-updown-5m-1776510900] destroy()
[2026-04-18T11:20:00.990Z] [btc-updown-5m-1776511200] skip-summary (1 in 300s) — time-window:1
[2026-04-18T11:21:01.054Z] [btc-updown-5m-1776511200] skip-summary (599 in 60s) — time-window:599
[2026-04-18T11:22:01.135Z] [btc-updown-5m-1776511200] skip-summary (599 in 60s) — time-window:599
[2026-04-18T11:23:01.147Z] [btc-updown-5m-1776511200] skip-summary (598 in 60s) — time-window:577  price-band:21
[2026-04-18T11:24:01.150Z] [btc-updown-5m-1776511200] skip-summary (598 in 60s) — price-band:430  prob:91  liquidity:77
[2026-04-18T11:24:54.041Z] [btc-updown-5m-1776511200] skip-summary (527 in 53s) — prob:214  liquidity:120  price-band:103  time-window:90
[2026-04-18T11:24:54.145Z] [btc-updown-5m-1776511200] Settled. PnL: +$0.00
[2026-04-18T11:24:54.245Z] [btc-updown-5m-1776511200] Session PnL: $-6.45
[2026-04-18T11:24:54.247Z] [btc-updown-5m-1776511200] destroy()
[2026-04-18T11:25:00.973Z] [btc-updown-5m-1776511500] skip-summary (1 in 300s) — time-window:1
[2026-04-18T11:26:01.065Z] [btc-updown-5m-1776511500] skip-summary (591 in 60s) — time-window:591
[2026-04-18T11:27:01.111Z] [btc-updown-5m-1776511500] skip-summary (589 in 60s) — time-window:589
[2026-04-18T11:28:01.186Z] [btc-updown-5m-1776511500] skip-summary (589 in 60s) — time-window:568  price-band:21
[2026-04-18T11:29:01.267Z] [btc-updown-5m-1776511500] skip-summary (594 in 60s) — prob:219  price-band:201  liquidity:174
[2026-04-18T11:29:54.056Z] [btc-updown-5m-1776511500] skip-summary (522 in 53s) — price-band:248  liquidity:102  time-window:90  prob:75  divergence:7
[2026-04-18T11:29:54.234Z] [btc-updown-5m-1776511500] Settled. PnL: +$0.00
[2026-04-18T11:29:54.335Z] [btc-updown-5m-1776511500] Session PnL: $-6.45
[2026-04-18T11:29:54.335Z] [btc-updown-5m-1776511500] destroy()
[2026-04-18T11:30:04.662Z] [btc-updown-5m-1776511800] skip-summary (1 in 304s) — time-window:1
[2026-04-18T11:31:04.761Z] [btc-updown-5m-1776511800] skip-summary (595 in 60s) — time-window:595
[2026-04-18T11:32:04.777Z] [btc-updown-5m-1776511800] skip-summary (590 in 60s) — time-window:590
[2026-04-18T11:33:04.844Z] [btc-updown-5m-1776511800] skip-summary (590 in 60s) — time-window:532  prob:40  price-band:18
[2026-04-18T11:34:04.896Z] [btc-updown-5m-1776511800] skip-summary (590 in 60s) — price-band:463  prob:67  liquidity:60
[2026-04-18T11:34:54.096Z] [btc-updown-5m-1776511800] skip-summary (486 in 49s) — prob:188  price-band:177  time-window:90  liquidity:31
[2026-04-18T11:34:54.259Z] [btc-updown-5m-1776511800] Settled. PnL: +$0.00
[2026-04-18T11:34:54.359Z] [btc-updown-5m-1776511800] Session PnL: $-6.45
[2026-04-18T11:34:54.360Z] [btc-updown-5m-1776511800] destroy()
[2026-04-18T11:35:04.965Z] [btc-updown-5m-1776512100] skip-summary (1 in 304s) — time-window:1
[2026-04-18T11:36:05.025Z] [btc-updown-5m-1776512100] skip-summary (589 in 60s) — time-window:589
[2026-04-18T11:37:05.067Z] [btc-updown-5m-1776512100] skip-summary (594 in 60s) — time-window:594
[2026-04-18T11:38:05.155Z] [btc-updown-5m-1776512100] skip-summary (590 in 60s) — time-window:529  prob:39  liquidity:22
[2026-04-18T11:39:05.196Z] [btc-updown-5m-1776512100] skip-summary (598 in 60s) — no-book:242  price-band:191  prob:93  ev:39  liquidity:33
[2026-04-18T11:39:54.006Z] [btc-updown-5m-1776512100] skip-summary (486 in 49s) — no-book:267  price-band:95  time-window:89  divergence:35
[2026-04-18T11:39:54.106Z] [btc-updown-5m-1776512100] Settled. PnL: +$0.00
[2026-04-18T11:39:54.207Z] [btc-updown-5m-1776512100] Session PnL: $-6.45
[2026-04-18T11:39:54.207Z] [btc-updown-5m-1776512100] destroy()
[2026-04-18T11:40:02.938Z] [btc-updown-5m-1776512400] skip-summary (1 in 302s) — time-window:1
[2026-04-18T11:41:02.999Z] [btc-updown-5m-1776512400] skip-summary (599 in 60s) — time-window:599
[2026-04-18T11:42:03.063Z] [btc-updown-5m-1776512400] skip-summary (599 in 60s) — time-window:599
[2026-04-18T11:43:03.120Z] [btc-updown-5m-1776512400] skip-summary (599 in 60s) — time-window:558  price-band:41
[2026-04-18T11:44:03.213Z] [btc-updown-5m-1776512400] skip-summary (599 in 60s) — prob:336  price-band:151  liquidity:101  divergence:11
[2026-04-18T11:44:54.065Z] [btc-updown-5m-1776512400] skip-summary (507 in 51s) — price-band:356  time-window:90  divergence:51  prob:10
[2026-04-18T11:44:54.196Z] [btc-updown-5m-1776512400] Settled. PnL: +$0.00
[2026-04-18T11:44:54.296Z] [btc-updown-5m-1776512400] Session PnL: $-6.45
[2026-04-18T11:44:54.297Z] [btc-updown-5m-1776512400] destroy()
[2026-04-18T11:45:01.188Z] [btc-updown-5m-1776512700] skip-summary (1 in 300s) — time-window:1
[2026-04-18T11:46:01.260Z] [btc-updown-5m-1776512700] skip-summary (599 in 60s) — time-window:599
[2026-04-18T11:47:01.327Z] [btc-updown-5m-1776512700] skip-summary (599 in 60s) — time-window:599
[2026-04-18T11:48:01.337Z] [btc-updown-5m-1776512700] skip-summary (598 in 60s) — time-window:575  price-band:23
[2026-04-18T11:49:01.421Z] [btc-updown-5m-1776512700] skip-summary (599 in 60s) — price-band:549  divergence:47  liquidity:3
[2026-04-18T11:49:54.057Z] [btc-updown-5m-1776512700] skip-summary (525 in 53s) — price-band:375  time-window:90  liquidity:32  prob:27  divergence:1
[2026-04-18T11:49:54.232Z] [btc-updown-5m-1776512700] Settled. PnL: +$0.00
[2026-04-18T11:49:54.332Z] [btc-updown-5m-1776512700] Session PnL: $-6.45
[2026-04-18T11:49:54.332Z] [btc-updown-5m-1776512700] destroy()
[2026-04-18T11:50:01.368Z] [btc-updown-5m-1776513000] skip-summary (1 in 301s) — time-window:1
[2026-04-18T11:51:01.435Z] [btc-updown-5m-1776513000] skip-summary (599 in 60s) — time-window:599
[2026-04-18T11:52:01.483Z] [btc-updown-5m-1776513000] skip-summary (599 in 60s) — time-window:599
[2026-04-18T11:53:01.579Z] [btc-updown-5m-1776513000] skip-summary (595 in 60s) — time-window:570  ev:25
[2026-04-18T11:54:01.641Z] [btc-updown-5m-1776513000] skip-summary (598 in 60s) — no-book:295  price-band:232  ev:40  divergence:30  liquidity:1
[2026-04-18T11:54:54.051Z] [btc-updown-5m-1776513000] skip-summary (522 in 52s) — no-book:432  time-window:90
[2026-04-18T11:54:54.234Z] [btc-updown-5m-1776513000] Settled. PnL: +$0.00
[2026-04-18T11:54:54.335Z] [btc-updown-5m-1776513000] Session PnL: $-6.45
[2026-04-18T11:54:54.336Z] [btc-updown-5m-1776513000] destroy()
[2026-04-18T11:55:01.581Z] [btc-updown-5m-1776513300] skip-summary (1 in 300s) — time-window:1
[2026-04-18T11:56:01.639Z] [btc-updown-5m-1776513300] skip-summary (599 in 60s) — time-window:599
[2026-04-18T11:57:01.715Z] [btc-updown-5m-1776513300] skip-summary (599 in 60s) — time-window:599
[2026-04-18T11:58:01.805Z] [btc-updown-5m-1776513300] skip-summary (599 in 60s) — time-window:572  ev:24  liquidity:3
[2026-04-18T11:59:01.833Z] [btc-updown-5m-1776513300] skip-summary (598 in 60s) — prob:526  ev:38  liquidity:34
[2026-04-18T11:59:54.029Z] [btc-updown-5m-1776513300] skip-summary (520 in 52s) — prob:261  time-window:89  ev:68  liquidity:51  price-band:51
[2026-04-18T11:59:54.134Z] [btc-updown-5m-1776513300] Settled. PnL: +$0.00
[2026-04-18T11:59:54.234Z] [btc-updown-5m-1776513300] Session PnL: $-6.45
[2026-04-18T11:59:54.235Z] [btc-updown-5m-1776513300] destroy()
[2026-04-18T12:00:01.047Z] [btc-updown-5m-1776513600] skip-summary (1 in 300s) — time-window:1
[2026-04-18T12:01:01.141Z] [btc-updown-5m-1776513600] skip-summary (599 in 60s) — time-window:599
[2026-04-18T12:02:01.226Z] [btc-updown-5m-1776513600] skip-summary (599 in 60s) — time-window:599
[2026-04-18T12:03:01.240Z] [btc-updown-5m-1776513600] skip-summary (598 in 60s) — time-window:576  price-band:22
[2026-04-18T12:04:01.275Z] [btc-updown-5m-1776513600] skip-summary (598 in 60s) — price-band:511  no-book:83  divergence:4
[2026-04-18T12:04:54.087Z] [btc-updown-5m-1776513600] skip-summary (526 in 53s) — no-book:436  time-window:90
[2026-04-18T12:04:54.206Z] [btc-updown-5m-1776513600] Settled. PnL: +$0.00
[2026-04-18T12:04:54.307Z] [btc-updown-5m-1776513600] Session PnL: $-6.45
[2026-04-18T12:04:54.308Z] [btc-updown-5m-1776513600] destroy()
[2026-04-18T12:05:01.198Z] [btc-updown-5m-1776513900] skip-summary (1 in 300s) — time-window:1
[2026-04-18T12:06:01.273Z] [btc-updown-5m-1776513900] skip-summary (599 in 60s) — time-window:599
[2026-04-18T12:07:01.332Z] [btc-updown-5m-1776513900] skip-summary (599 in 60s) — time-window:599
[2026-04-18T12:08:01.427Z] [btc-updown-5m-1776513900] skip-summary (599 in 60s) — time-window:575  prob:12  liquidity:12
[2026-04-18T12:09:01.435Z] [btc-updown-5m-1776513900] skip-summary (594 in 60s) — prob:404  liquidity:157  divergence:33
[2026-04-18T12:09:54.016Z] [btc-updown-5m-1776513900] skip-summary (519 in 53s) — price-band:148  prob:128  liquidity:124  time-window:89  ev:30
[2026-04-18T12:09:54.211Z] [btc-updown-5m-1776513900] Settled. PnL: +$0.00
[2026-04-18T12:09:54.311Z] [btc-updown-5m-1776513900] Session PnL: $-6.45
[2026-04-18T12:09:54.312Z] [btc-updown-5m-1776513900] destroy()
[2026-04-18T12:10:01.495Z] [btc-updown-5m-1776514200] skip-summary (1 in 300s) — time-window:1
[2026-04-18T12:11:01.566Z] [btc-updown-5m-1776514200] skip-summary (589 in 60s) — time-window:589
[2026-04-18T12:12:01.573Z] [btc-updown-5m-1776514200] skip-summary (589 in 60s) — time-window:589
[2026-04-18T12:13:01.640Z] [btc-updown-5m-1776514200] skip-summary (594 in 60s) — time-window:568  liquidity:26
[2026-04-18T12:14:01.651Z] [btc-updown-5m-1776514200] skip-summary (589 in 60s) — price-band:442  prob:78  liquidity:39  divergence:30
[2026-04-18T12:14:54.039Z] [btc-updown-5m-1776514200] skip-summary (518 in 52s) — price-band:300  time-window:90  prob:70  divergence:40  liquidity:18
[2026-04-18T12:14:54.164Z] [btc-updown-5m-1776514200] Settled. PnL: +$0.00
[2026-04-18T12:14:54.265Z] [btc-updown-5m-1776514200] Session PnL: $-6.45
[2026-04-18T12:14:54.265Z] [btc-updown-5m-1776514200] destroy()
[2026-04-18T12:15:05.414Z] [btc-updown-5m-1776514500] skip-summary (1 in 304s) — time-window:1
[2026-04-18T12:16:05.422Z] [btc-updown-5m-1776514500] skip-summary (594 in 60s) — time-window:594
[2026-04-18T12:17:05.494Z] [btc-updown-5m-1776514500] skip-summary (590 in 60s) — time-window:590
[2026-04-18T12:18:05.508Z] [btc-updown-5m-1776514500] skip-summary (589 in 60s) — time-window:525  price-band:49  divergence:15
[2026-04-18T12:19:05.529Z] [btc-updown-5m-1776514500] skip-summary (590 in 60s) — price-band:289  prob:211  liquidity:47  ev:22  divergence:21
[2026-04-18T12:19:54.019Z] [btc-updown-5m-1776514500] skip-summary (479 in 48s) — price-band:199  time-window:90  ev:85  liquidity:66  prob:33  divergence:6
[2026-04-18T12:19:54.195Z] [btc-updown-5m-1776514500] Settled. PnL: +$0.00
[2026-04-18T12:19:54.295Z] [btc-updown-5m-1776514500] Session PnL: $-6.45
[2026-04-18T12:19:54.295Z] [btc-updown-5m-1776514500] destroy()
[2026-04-18T12:20:04.801Z] [btc-updown-5m-1776514800] skip-summary (1 in 303s) — time-window:1
[2026-04-18T12:21:04.899Z] [btc-updown-5m-1776514800] skip-summary (589 in 60s) — time-window:589
[2026-04-18T12:22:04.906Z] [btc-updown-5m-1776514800] skip-summary (593 in 60s) — time-window:593
[2026-04-18T12:23:04.988Z] [btc-updown-5m-1776514800] skip-summary (588 in 60s) — time-window:529  price-band:59
[2026-04-18T12:24:05.054Z] [btc-updown-5m-1776514800] skip-summary (588 in 60s) — price-band:588
[2026-04-18T12:24:54.047Z] [btc-updown-5m-1776514800] skip-summary (483 in 49s) — price-band:247  prob:121  time-window:90  liquidity:25
[2026-04-18T12:24:54.208Z] [btc-updown-5m-1776514800] Settled. PnL: +$0.00
[2026-04-18T12:24:54.854Z] [btc-updown-5m-1776514800] Session PnL: $-6.45
[2026-04-18T12:24:54.855Z] [btc-updown-5m-1776514800] destroy()
[2026-04-18T12:25:05.515Z] [btc-updown-5m-1776515100] skip-summary (1 in 304s) — time-window:1
[2026-04-18T12:26:05.573Z] [btc-updown-5m-1776515100] skip-summary (588 in 60s) — time-window:588
[2026-04-18T12:27:05.664Z] [btc-updown-5m-1776515100] skip-summary (594 in 60s) — time-window:594
[2026-04-18T12:28:05.698Z] [btc-updown-5m-1776515100] skip-summary (588 in 60s) — time-window:522  price-band:66
[2026-04-18T12:29:05.770Z] [btc-updown-5m-1776515100] skip-summary (588 in 60s) — price-band:580  prob:5  liquidity:3
[2026-04-18T12:29:54.018Z] [btc-updown-5m-1776515100] skip-summary (470 in 48s) — prob:251  liquidity:86  time-window:84  price-band:29  ev:20
[2026-04-18T12:29:54.203Z] [btc-updown-5m-1776515100] Settled. PnL: +$0.00
[2026-04-18T12:29:54.303Z] [btc-updown-5m-1776515100] Session PnL: $-6.45
[2026-04-18T12:29:54.305Z] [btc-updown-5m-1776515100] destroy()
[2026-04-18T12:30:05.496Z] [btc-updown-5m-1776515400] skip-summary (1 in 304s) — time-window:1
[2026-04-18T12:31:05.522Z] [btc-updown-5m-1776515400] skip-summary (588 in 60s) — time-window:588
[2026-04-18T12:32:05.621Z] [btc-updown-5m-1776515400] skip-summary (589 in 60s) — time-window:589
[2026-04-18T12:33:05.691Z] [btc-updown-5m-1776515400] skip-summary (594 in 60s) — time-window:528  prob:51  liquidity:15
[2026-04-18T12:34:05.732Z] [btc-updown-5m-1776515400] skip-summary (588 in 60s) — prob:421  liquidity:105  ev:55  price-band:7
[2026-04-18T12:34:54.008Z] [btc-updown-5m-1776515400] skip-summary (470 in 48s) — price-band:330  time-window:85  ev:27  prob:21  liquidity:7
[2026-04-18T12:34:54.186Z] [btc-updown-5m-1776515400] Settled. PnL: +$0.00
[2026-04-18T12:34:54.286Z] [btc-updown-5m-1776515400] Session PnL: $-6.45
[2026-04-18T12:34:54.287Z] [btc-updown-5m-1776515400] destroy()
[2026-04-18T12:35:05.421Z] [btc-updown-5m-1776515700] skip-summary (1 in 304s) — time-window:1
[2026-04-18T12:36:05.500Z] [btc-updown-5m-1776515700] skip-summary (588 in 60s) — time-window:588
[2026-04-18T12:37:05.561Z] [btc-updown-5m-1776515700] skip-summary (588 in 60s) — time-window:588
[2026-04-18T12:38:05.606Z] [btc-updown-5m-1776515700] skip-summary (593 in 60s) — time-window:528  prob:64  liquidity:1
[2026-04-18T12:39:05.699Z] [btc-updown-5m-1776515700] skip-summary (588 in 60s) — price-band:217  prob:163  ev:144  liquidity:64
[2026-04-18T12:39:54.057Z] [btc-updown-5m-1776515700] skip-summary (471 in 48s) — price-band:245  no-book:142  time-window:84
[2026-04-18T12:39:54.209Z] [btc-updown-5m-1776515700] Settled. PnL: +$0.00
[2026-04-18T12:39:54.309Z] [btc-updown-5m-1776515700] Session PnL: $-6.45
[2026-04-18T12:39:54.310Z] [btc-updown-5m-1776515700] destroy()
[2026-04-18T12:40:05.523Z] [btc-updown-5m-1776516000] skip-summary (1 in 304s) — time-window:1
[2026-04-18T12:41:05.591Z] [btc-updown-5m-1776516000] skip-summary (588 in 60s) — time-window:588
[2026-04-18T12:42:05.597Z] [btc-updown-5m-1776516000] skip-summary (587 in 60s) — time-window:587
[2026-04-18T12:43:05.632Z] [btc-updown-5m-1776516000] skip-summary (587 in 60s) — time-window:527  prob:51  liquidity:9
[2026-04-18T12:44:05.679Z] [btc-updown-5m-1776516000] skip-summary (593 in 60s) — price-band:320  prob:164  ev:69  divergence:23  liquidity:17
[2026-04-18T12:44:54.050Z] [btc-updown-5m-1776516000] skip-summary (470 in 48s) — no-book:278  price-band:102  time-window:90
[2026-04-18T12:44:54.155Z] [btc-updown-5m-1776516000] Settled. PnL: +$0.00
[2026-04-18T12:44:54.255Z] [btc-updown-5m-1776516000] Session PnL: $-6.45
[2026-04-18T12:44:54.255Z] [btc-updown-5m-1776516000] destroy()
[2026-04-18T12:45:05.810Z] [btc-updown-5m-1776516300] skip-summary (1 in 305s) — time-window:1
[2026-04-18T12:46:05.890Z] [btc-updown-5m-1776516300] skip-summary (588 in 60s) — time-window:588
[2026-04-18T12:47:05.921Z] [btc-updown-5m-1776516300] skip-summary (587 in 60s) — time-window:587
[2026-04-18T12:48:05.945Z] [btc-updown-5m-1776516300] skip-summary (587 in 60s) — time-window:524  liquidity:39  prob:20  divergence:4
[2026-04-18T12:49:05.970Z] [btc-updown-5m-1776516300] skip-summary (593 in 60s) — price-band:326  prob:166  liquidity:101
[2026-04-18T12:49:54.094Z] [btc-updown-5m-1776516300] skip-summary (468 in 48s) — prob:193  price-band:141  time-window:90  liquidity:44
[2026-04-18T12:49:54.239Z] [btc-updown-5m-1776516300] Settled. PnL: +$0.00
[2026-04-18T12:49:54.339Z] [btc-updown-5m-1776516300] Session PnL: $-6.45
[2026-04-18T12:49:54.339Z] [btc-updown-5m-1776516300] destroy()
[2026-04-18T12:50:05.841Z] [btc-updown-5m-1776516600] skip-summary (1 in 305s) — time-window:1
[2026-04-18T12:51:05.874Z] [btc-updown-5m-1776516600] skip-summary (587 in 60s) — time-window:587
[2026-04-18T12:52:05.966Z] [btc-updown-5m-1776516600] skip-summary (588 in 60s) — time-window:588
[2026-04-18T12:53:05.971Z] [btc-updown-5m-1776516600] skip-summary (587 in 60s) — time-window:524  price-band:63
[2026-04-18T12:54:05.982Z] [btc-updown-5m-1776516600] skip-summary (593 in 60s) — price-band:593
[2026-04-18T12:54:54.055Z] [btc-updown-5m-1776516600] skip-summary (468 in 48s) — price-band:342  time-window:90  liquidity:23  prob:13
[2026-04-18T12:54:54.217Z] [btc-updown-5m-1776516600] Settled. PnL: +$0.00
[2026-04-18T12:54:54.317Z] [btc-updown-5m-1776516600] Session PnL: $-6.45
[2026-04-18T12:54:54.317Z] [btc-updown-5m-1776516600] destroy()
[2026-04-18T12:55:05.759Z] [btc-updown-5m-1776516900] skip-summary (1 in 305s) — time-window:1
[2026-04-18T12:56:05.849Z] [btc-updown-5m-1776516900] skip-summary (588 in 60s) — time-window:588
[2026-04-18T12:57:05.861Z] [btc-updown-5m-1776516900] skip-summary (587 in 60s) — time-window:587
[2026-04-18T12:58:05.905Z] [btc-updown-5m-1776516900] skip-summary (587 in 60s) — time-window:519  price-band:68
[2026-04-18T12:59:05.923Z] [btc-updown-5m-1776516900] skip-summary (587 in 60s) — price-band:587
[2026-04-18T12:59:54.009Z] [btc-updown-5m-1776516900] skip-summary (474 in 48s) — price-band:266  prob:99  time-window:89  liquidity:20
[2026-04-18T12:59:54.120Z] [btc-updown-5m-1776516900] Settled. PnL: +$0.00
[2026-04-18T12:59:54.220Z] [btc-updown-5m-1776516900] Session PnL: $-6.45
[2026-04-18T12:59:54.221Z] [btc-updown-5m-1776516900] destroy()
[2026-04-18T13:00:05.760Z] [btc-updown-5m-1776517200] skip-summary (1 in 305s) — time-window:1
[2026-04-18T13:01:05.830Z] [btc-updown-5m-1776517200] skip-summary (588 in 60s) — time-window:588
[2026-04-18T13:02:05.885Z] [btc-updown-5m-1776517200] skip-summary (587 in 60s) — time-window:587
[2026-04-18T13:03:05.927Z] [btc-updown-5m-1776517200] skip-summary (587 in 60s) — time-window:518  price-band:69
[2026-04-18T13:04:05.985Z] [btc-updown-5m-1776517200] skip-summary (586 in 60s) — price-band:586
[2026-04-18T13:04:54.013Z] [btc-updown-5m-1776517200] skip-summary (473 in 48s) — prob:173  price-band:100  time-window:89  liquidity:61  ev:42  no-book:8
[2026-04-18T13:04:54.200Z] [btc-updown-5m-1776517200] Settled. PnL: +$0.00
[2026-04-18T13:04:54.300Z] [btc-updown-5m-1776517200] Session PnL: $-6.45
[2026-04-18T13:04:54.301Z] [btc-updown-5m-1776517200] destroy()
[2026-04-18T13:05:05.915Z] [btc-updown-5m-1776517500] skip-summary (1 in 305s) — time-window:1
[2026-04-18T13:06:05.958Z] [btc-updown-5m-1776517500] skip-summary (587 in 60s) — time-window:587
[2026-04-18T13:07:06.001Z] [btc-updown-5m-1776517500] skip-summary (587 in 60s) — time-window:587
[2026-04-18T13:08:06.062Z] [btc-updown-5m-1776517500] skip-summary (587 in 60s) — time-window:517  price-band:59  divergence:11
[2026-04-18T13:09:06.151Z] [btc-updown-5m-1776517500] skip-summary (593 in 60s) — prob:453  liquidity:139  divergence:1
[2026-04-18T13:09:54.006Z] [btc-updown-5m-1776517500] skip-summary (463 in 48s) — prob:150  price-band:131  liquidity:98  time-window:84
[2026-04-18T13:09:54.148Z] [btc-updown-5m-1776517500] Settled. PnL: +$0.00
[2026-04-18T13:09:54.248Z] [btc-updown-5m-1776517500] Session PnL: $-6.45
[2026-04-18T13:09:54.249Z] [btc-updown-5m-1776517500] destroy()
[2026-04-18T13:10:06.286Z] [btc-updown-5m-1776517800] skip-summary (1 in 305s) — time-window:1
[2026-04-18T13:11:06.315Z] [btc-updown-5m-1776517800] skip-summary (586 in 60s) — time-window:586
[2026-04-18T13:12:06.354Z] [btc-updown-5m-1776517800] skip-summary (587 in 60s) — time-window:587
[2026-04-18T13:13:06.419Z] [btc-updown-5m-1776517800] skip-summary (593 in 60s) — time-window:519  price-band:73  liquidity:1
[2026-04-18T13:14:06.486Z] [btc-updown-5m-1776517800] skip-summary (586 in 60s) — price-band:464  prob:86  liquidity:36
[2026-04-18T13:14:54.072Z] [btc-updown-5m-1776517800] skip-summary (462 in 48s) — price-band:361  time-window:84  prob:11  liquidity:6
[2026-04-18T13:14:54.260Z] [btc-updown-5m-1776517800] Settled. PnL: +$0.00
[2026-04-18T13:14:54.361Z] [btc-updown-5m-1776517800] Session PnL: $-6.45
[2026-04-18T13:14:54.362Z] [btc-updown-5m-1776517800] destroy()
[2026-04-18T13:15:06.608Z] [btc-updown-5m-1776518100] skip-summary (1 in 305s) — time-window:1
[2026-04-18T13:16:06.684Z] [btc-updown-5m-1776518100] skip-summary (587 in 60s) — time-window:587
[2026-04-18T13:17:06.694Z] [btc-updown-5m-1776518100] skip-summary (586 in 60s) — time-window:586
[2026-04-18T13:18:06.741Z] [btc-updown-5m-1776518100] skip-summary (586 in 60s) — time-window:516  prob:52  liquidity:18
[2026-04-18T13:19:06.810Z] [btc-updown-5m-1776518100] skip-summary (593 in 60s) — prob:477  liquidity:116
[2026-04-18T13:19:54.004Z] [btc-updown-5m-1776518100] skip-summary (457 in 47s) — price-band:154  prob:133  liquidity:88  time-window:82
[2026-04-18T13:19:54.108Z] [btc-updown-5m-1776518100] Settled. PnL: +$0.00
[2026-04-18T13:19:54.210Z] [btc-updown-5m-1776518100] Session PnL: $-6.45
[2026-04-18T13:19:54.210Z] [btc-updown-5m-1776518100] destroy()
[2026-04-18T13:20:06.309Z] [btc-updown-5m-1776518400] skip-summary (1 in 305s) — time-window:1
[2026-04-18T13:21:06.329Z] [btc-updown-5m-1776518400] skip-summary (586 in 60s) — time-window:586
[2026-04-18T13:22:06.343Z] [btc-updown-5m-1776518400] skip-summary (586 in 60s) — time-window:586
[2026-04-18T13:23:06.429Z] [btc-updown-5m-1776518400] skip-summary (587 in 60s) — time-window:520  liquidity:62  prob:5
[2026-04-18T13:24:06.495Z] [btc-updown-5m-1776518400] skip-summary (593 in 60s) — prob:436  liquidity:157
[2026-04-18T13:24:54.071Z] [btc-updown-5m-1776518400] skip-summary (462 in 48s) — prob:177  price-band:99  liquidity:96  time-window:90
[2026-04-18T13:24:54.212Z] [btc-updown-5m-1776518400] Settled. PnL: +$0.00
[2026-04-18T13:24:54.311Z] [btc-updown-5m-1776518400] Session PnL: $-6.45
[2026-04-18T13:24:54.312Z] [btc-updown-5m-1776518400] destroy()
[2026-04-18T13:25:06.161Z] [btc-updown-5m-1776518700] skip-summary (1 in 305s) — time-window:1
[2026-04-18T13:26:06.161Z] [btc-updown-5m-1776518700] skip-summary (587 in 60s) — time-window:587
[2026-04-18T13:27:06.205Z] [btc-updown-5m-1776518700] skip-summary (586 in 60s) — time-window:586
[2026-04-18T13:28:06.239Z] [btc-updown-5m-1776518700] skip-summary (587 in 60s) — time-window:521  price-band:66
[2026-04-18T13:29:06.325Z] [btc-updown-5m-1776518700] skip-summary (593 in 60s) — prob:377  liquidity:146  divergence:28  price-band:24  ev:18
[2026-04-18T13:29:54.050Z] [btc-updown-5m-1776518700] skip-summary (464 in 48s) — prob:197  liquidity:100  time-window:90  ev:77
[2026-04-18T13:29:54.232Z] [btc-updown-5m-1776518700] Settled. PnL: +$0.00
[2026-04-18T13:29:54.332Z] [btc-updown-5m-1776518700] Session PnL: $-6.45
[2026-04-18T13:29:54.333Z] [btc-updown-5m-1776518700] destroy()
[2026-04-18T13:30:05.993Z] [btc-updown-5m-1776519000] skip-summary (1 in 305s) — time-window:1
[2026-04-18T13:30:36.256Z] [shutdown] SIGTERM received. Initiating graceful shutdown...
[2026-04-18T13:30:36.257Z] [shutdown] SIGTERM received.
[2026-04-18T13:30:36.257Z] [shutdown] Signalling all lifecycles to cancel.
[2026-04-18T13:30:36.257Z] [shutdown] Waiting for 2 lifecycle(s) to settle...
[2026-04-18T13:30:36.315Z] [btc-updown-5m-1776483600] Session PnL: $-6.45
[2026-04-18T13:30:36.315Z] [btc-updown-5m-1776483600] destroy()
[2026-04-18T13:30:36.315Z] [btc-updown-5m-1776519000] Settled. PnL: +$0.00
[2026-04-18T13:30:36.315Z] [btc-updown-5m-1776519300] Settled. PnL: +$0.00
[2026-04-18T13:30:36.414Z] [btc-updown-5m-1776519000] Session PnL: $-6.45
[2026-04-18T13:30:36.415Z] [btc-updown-5m-1776519000] destroy()
[2026-04-18T13:30:36.415Z] [btc-updown-5m-1776519300] Session PnL: $-6.45
[2026-04-18T13:30:36.415Z] [btc-updown-5m-1776519300] destroy()
[2026-04-18T13:30:36.415Z] [shutdown] All settled. Exiting.
