[2026-04-18T03:31:03.069Z] [startup] Starting
[2026-04-18T03:31:05.215Z] [startup] BTC ticker ready
[2026-04-18T03:31:05.893Z] [startup] Nonce-guard fill feed output enabled: /home/brandon/.openclaw/workspace/polymarket/nonce-guard-bot/state/live-fills.jsonl
[2026-04-18T03:31:05.894Z] [startup] [PAPER] Paper balance: $500.00
[2026-04-18T03:31:05.894Z] [wallet] Init: $500.00
[2026-04-18T03:31:05.894Z] [startup] Min session PnL exit: $Infinity
[2026-04-18T03:31:05.896Z] [startup] Loading state from state/late-entry-btc-prod.json
[2026-04-18T03:35:01.221Z] [btc-updown-5m-1776483300] skip-summary (1 in 234s) — time-window:1
[2026-04-18T03:36:01.234Z] [btc-updown-5m-1776483300] skip-summary (599 in 60s) — time-window:599
[2026-04-18T03:37:01.266Z] [btc-updown-5m-1776483300] skip-summary (599 in 60s) — time-window:599
[2026-04-18T03:38:01.305Z] [btc-updown-5m-1776483300] skip-summary (599 in 60s) — time-window:576  prob:23
[2026-04-18T03:39:01.313Z] [btc-updown-5m-1776483300] skip-summary (599 in 60s) — price-band:255  prob:210  liquidity:134
[2026-04-18T03:39:54.003Z] [btc-updown-5m-1776483300] skip-summary (526 in 53s) — price-band:285  time-window:89  prob:85  liquidity:67
[2026-04-18T03:39:54.128Z] [btc-updown-5m-1776483300] Settled. PnL: +$0.00
[2026-04-18T03:39:54.228Z] [btc-updown-5m-1776483300] Session PnL: +$0.79
[2026-04-18T03:39:54.229Z] [btc-updown-5m-1776483300] destroy()
[2026-04-18T03:40:00.678Z] [btc-updown-5m-1776483600] skip-summary (1 in 300s) — time-window:1
[2026-04-18T03:41:00.696Z] [btc-updown-5m-1776483600] skip-summary (599 in 60s) — time-window:599
[2026-04-18T03:42:00.717Z] [btc-updown-5m-1776483600] skip-summary (599 in 60s) — time-window:599
[2026-04-18T03:43:00.736Z] [btc-updown-5m-1776483600] skip-summary (599 in 60s) — time-window:582  price-band:17
[2026-04-18T03:44:00.754Z] [btc-updown-5m-1776483600] skip-summary (599 in 60s) — price-band:283  prob:193  liquidity:123
[2026-04-18T03:44:54.081Z] [btc-updown-5m-1776483600] skip-summary (532 in 53s) — prob:279  liquidity:163  time-window:90
[2026-04-18T03:44:54.246Z] [btc-updown-5m-1776483600] Settled. PnL: +$0.00
[2026-04-18T03:44:54.346Z] [btc-updown-5m-1776483600] Session PnL: +$0.79
[2026-04-18T03:44:54.347Z] [btc-updown-5m-1776483600] destroy()
[2026-04-18T03:45:01.131Z] [btc-updown-5m-1776483900] skip-summary (1 in 300s) — time-window:1
[2026-04-18T03:46:01.151Z] [btc-updown-5m-1776483900] skip-summary (599 in 60s) — time-window:599
[2026-04-18T03:47:01.176Z] [btc-updown-5m-1776483900] skip-summary (599 in 60s) — time-window:599
[2026-04-18T03:48:01.201Z] [btc-updown-5m-1776483900] skip-summary (599 in 60s) — time-window:578  price-band:21
[2026-04-18T03:49:01.237Z] [btc-updown-5m-1776483900] skip-summary (599 in 60s) — price-band:440  prob:103  liquidity:56
[2026-04-18T03:49:54.052Z] [btc-updown-5m-1776483900] skip-summary (527 in 53s) — prob:262  liquidity:130  time-window:90  price-band:23  divergence:22
[2026-04-18T03:49:54.184Z] [btc-updown-5m-1776483900] Settled. PnL: +$0.00
[2026-04-18T03:49:54.284Z] [btc-updown-5m-1776483900] Session PnL: +$0.79
[2026-04-18T03:49:54.284Z] [btc-updown-5m-1776483900] destroy()
[2026-04-18T03:50:00.642Z] [btc-updown-5m-1776484200] skip-summary (1 in 299s) — time-window:1
[2026-04-18T03:51:00.658Z] [btc-updown-5m-1776484200] skip-summary (599 in 60s) — time-window:599
[2026-04-18T03:52:00.756Z] [btc-updown-5m-1776484200] skip-summary (600 in 60s) — time-window:600
[2026-04-18T03:53:00.760Z] [btc-updown-5m-1776484200] skip-summary (599 in 60s) — time-window:582  price-band:13  prob:4
[2026-04-18T03:54:00.811Z] [btc-updown-5m-1776484200] skip-summary (599 in 60s) — ev:160  liquidity:129  price-band:110  no-book:100  prob:90  divergence:10
[2026-04-18T03:54:54.091Z] [btc-updown-5m-1776484200] skip-summary (531 in 53s) — no-book:424  time-window:90  divergence:17
[2026-04-18T03:54:54.261Z] [btc-updown-5m-1776484200] Settled. PnL: +$0.00
[2026-04-18T03:54:54.361Z] [btc-updown-5m-1776484200] Session PnL: +$0.79
[2026-04-18T03:54:54.361Z] [btc-updown-5m-1776484200] destroy()
[2026-04-18T03:55:01.134Z] [btc-updown-5m-1776484500] skip-summary (1 in 300s) — time-window:1
[2026-04-18T03:56:01.185Z] [btc-updown-5m-1776484500] skip-summary (599 in 60s) — time-window:599
[2026-04-18T03:57:01.204Z] [btc-updown-5m-1776484500] skip-summary (599 in 60s) — time-window:599
[2026-04-18T03:58:01.275Z] [btc-updown-5m-1776484500] skip-summary (599 in 60s) — time-window:577  price-band:22
[2026-04-18T03:59:01.293Z] [btc-updown-5m-1776484500] skip-summary (599 in 60s) — prob:277  liquidity:176  price-band:136  divergence:10
[2026-04-18T03:59:54.090Z] [btc-updown-5m-1776484500] skip-summary (527 in 53s) — price-band:181  prob:139  liquidity:117  time-window:90
[2026-04-18T03:59:54.211Z] [btc-updown-5m-1776484500] Settled. PnL: +$0.00
[2026-04-18T03:59:54.311Z] [btc-updown-5m-1776484500] Session PnL: +$0.79
[2026-04-18T03:59:54.311Z] [btc-updown-5m-1776484500] destroy()
[2026-04-18T04:00:00.696Z] [btc-updown-5m-1776484800] skip-summary (1 in 300s) — time-window:1
[2026-04-18T04:01:00.722Z] [btc-updown-5m-1776484800] skip-summary (599 in 60s) — time-window:599
[2026-04-18T04:02:00.818Z] [btc-updown-5m-1776484800] skip-summary (600 in 60s) — time-window:600
[2026-04-18T04:03:00.843Z] [btc-updown-5m-1776484800] skip-summary (599 in 60s) — time-window:581  price-band:18
[2026-04-18T04:04:00.881Z] [btc-updown-5m-1776484800] skip-summary (599 in 60s) — price-band:599
[2026-04-18T04:04:54.015Z] [btc-updown-5m-1776484800] skip-summary (530 in 53s) — price-band:441  time-window:89
[2026-04-18T04:04:54.144Z] [btc-updown-5m-1776484800] Settled. PnL: +$0.00
[2026-04-18T04:04:54.245Z] [btc-updown-5m-1776484800] Session PnL: +$0.79
[2026-04-18T04:04:54.245Z] [btc-updown-5m-1776484800] destroy()
[2026-04-18T04:05:01.235Z] [btc-updown-5m-1776485100] skip-summary (1 in 300s) — time-window:1
[2026-04-18T04:06:01.236Z] [btc-updown-5m-1776485100] skip-summary (599 in 60s) — time-window:599
[2026-04-18T04:07:01.256Z] [btc-updown-5m-1776485100] skip-summary (599 in 60s) — time-window:599
[2026-04-18T04:08:01.284Z] [btc-updown-5m-1776485100] skip-summary (599 in 60s) — time-window:577  price-band:22
[2026-04-18T04:09:01.329Z] [btc-updown-5m-1776485100] skip-summary (599 in 60s) — price-band:599
[2026-04-18T04:09:54.031Z] [btc-updown-5m-1776485100] skip-summary (526 in 53s) — price-band:436  time-window:90
[2026-04-18T04:09:54.163Z] [btc-updown-5m-1776485100] Settled. PnL: +$0.00
[2026-04-18T04:09:54.263Z] [btc-updown-5m-1776485100] Session PnL: +$0.79
[2026-04-18T04:09:54.264Z] [btc-updown-5m-1776485100] destroy()
[2026-04-18T04:10:01.254Z] [btc-updown-5m-1776485400] skip-summary (1 in 300s) — time-window:1
[2026-04-18T04:11:01.309Z] [btc-updown-5m-1776485400] skip-summary (599 in 60s) — time-window:599
[2026-04-18T04:12:01.335Z] [btc-updown-5m-1776485400] skip-summary (599 in 60s) — time-window:599
[2026-04-18T04:13:01.355Z] [btc-updown-5m-1776485400] skip-summary (599 in 60s) — time-window:576  price-band:23
[2026-04-18T04:14:01.395Z] [btc-updown-5m-1776485400] skip-summary (599 in 60s) — price-band:599
[2026-04-18T04:14:54.099Z] [btc-updown-5m-1776485400] skip-summary (526 in 53s) — price-band:247  prob:131  time-window:90  liquidity:58
[2026-04-18T04:14:54.226Z] [btc-updown-5m-1776485400] Settled. PnL: +$0.00
[2026-04-18T04:14:54.326Z] [btc-updown-5m-1776485400] Session PnL: +$0.79
[2026-04-18T04:14:54.328Z] [btc-updown-5m-1776485400] destroy()
[2026-04-18T04:15:00.718Z] [btc-updown-5m-1776485700] skip-summary (1 in 300s) — time-window:1
[2026-04-18T04:16:00.720Z] [btc-updown-5m-1776485700] skip-summary (599 in 60s) — time-window:599
[2026-04-18T04:17:00.744Z] [btc-updown-5m-1776485700] skip-summary (599 in 60s) — time-window:599
[2026-04-18T04:18:00.774Z] [btc-updown-5m-1776485700] skip-summary (599 in 60s) — time-window:582  price-band:17
[2026-04-18T04:19:00.816Z] [btc-updown-5m-1776485700] skip-summary (599 in 60s) — prob:217  price-band:210  liquidity:172
[2026-04-18T04:19:32.290Z] [btc-updown-5m-1776485700] skip-summary (314 in 31s) — price-band:141  liquidity:97  prob:41  ev:35
[2026-04-18T04:19:32.290Z] [btc-updown-5m-1776485700] ENTRY DOWN 13.15@0.760 P=85.0% edge=1.70% liq=$332
[2026-04-18T04:19:32.302Z] [wallet] lockBuy [btc-updown-5m-1776485700] PAPER BUY DOWN @ 0.76: -$9.99 | avail=$490.01
[2026-04-18T04:19:32.305Z] [btc-updown-5m-1776485700] PAPER FILLED BUY DOWN 13.15 shares @ 0.76
[2026-04-18T04:19:32.309Z] [btc-updown-5m-1776485700] BUY filled 13.15@0.760
[2026-04-18T04:19:53.033Z] [btc-updown-5m-1776485700] EXIT(time) SELL DOWN 13.15@0.940
[2026-04-18T04:19:53.034Z] [wallet] lockSell [btc-updown-5m-1776485700] PAPER SELL DOWN @ 0.94: -13.15 shares | availShares=-13.15
[2026-04-18T04:19:53.035Z] [btc-updown-5m-1776485700] PAPER FILLED SELL DOWN 13.15 shares @ 0.94
[2026-04-18T04:19:53.036Z] [btc-updown-5m-1776485700] SELL filled @ 0.940 (13.15) → +$2.37
[2026-04-18T04:19:54.188Z] [btc-updown-5m-1776485700] Settled. PnL: +$2.37
[2026-04-18T04:19:54.287Z] [btc-updown-5m-1776485700] Session PnL: +$3.16
[2026-04-18T04:19:54.290Z] [btc-updown-5m-1776485700] slot-PnL +$2.37 | streak=0 dailyLoss=$0.00
[2026-04-18T04:19:54.291Z] [btc-updown-5m-1776485700] destroy()
[2026-04-18T04:20:00.716Z] [btc-updown-5m-1776486000] skip-summary (1 in 299s) — time-window:1
[2026-04-18T04:21:00.737Z] [btc-updown-5m-1776486000] skip-summary (599 in 60s) — time-window:599
[2026-04-18T04:22:00.753Z] [btc-updown-5m-1776486000] skip-summary (599 in 60s) — time-window:599
[2026-04-18T04:23:00.773Z] [btc-updown-5m-1776486000] skip-summary (599 in 60s) — time-window:582  price-band:17
[2026-04-18T04:24:00.832Z] [btc-updown-5m-1776486000] skip-summary (599 in 60s) — price-band:599
[2026-04-18T04:24:54.049Z] [btc-updown-5m-1776486000] skip-summary (531 in 53s) — price-band:204  ev:113  time-window:90  liquidity:76  prob:48
[2026-04-18T04:24:54.222Z] [btc-updown-5m-1776486000] Settled. PnL: +$0.00
[2026-04-18T04:24:54.321Z] [btc-updown-5m-1776486000] Session PnL: +$3.16
[2026-04-18T04:24:54.322Z] [btc-updown-5m-1776486000] destroy()
[2026-04-18T04:25:00.699Z] [btc-updown-5m-1776486300] skip-summary (1 in 299s) — time-window:1
[2026-04-18T04:26:00.715Z] [btc-updown-5m-1776486300] skip-summary (599 in 60s) — time-window:599
[2026-04-18T04:27:00.752Z] [btc-updown-5m-1776486300] skip-summary (599 in 60s) — time-window:599
[2026-04-18T04:28:00.792Z] [btc-updown-5m-1776486300] skip-summary (599 in 60s) — time-window:582  price-band:17
[2026-04-18T04:29:00.817Z] [btc-updown-5m-1776486300] skip-summary (599 in 60s) — price-band:351  prob:143  liquidity:73  divergence:32
[2026-04-18T04:29:54.017Z] [btc-updown-5m-1776486300] skip-summary (531 in 53s) — price-band:380  time-window:90  prob:26  liquidity:23  divergence:12
[2026-04-18T04:29:54.196Z] [btc-updown-5m-1776486300] Settled. PnL: +$0.00
[2026-04-18T04:29:54.295Z] [btc-updown-5m-1776486300] Session PnL: +$3.16
[2026-04-18T04:29:54.296Z] [btc-updown-5m-1776486300] destroy()
[2026-04-18T04:30:01.610Z] [btc-updown-5m-1776486600] skip-summary (1 in 300s) — time-window:1
[2026-04-18T04:31:01.669Z] [btc-updown-5m-1776486600] skip-summary (598 in 60s) — time-window:598
[2026-04-18T04:32:01.716Z] [btc-updown-5m-1776486600] skip-summary (583 in 60s) — time-window:583
[2026-04-18T04:33:01.796Z] [btc-updown-5m-1776486600] skip-summary (597 in 60s) — time-window:570  ev:15  divergence:12
[2026-04-18T04:34:01.802Z] [btc-updown-5m-1776486600] skip-summary (580 in 60s) — liquidity:232  ev:217  prob:111  divergence:20
[2026-04-18T04:34:54.058Z] [btc-updown-5m-1776486600] skip-summary (521 in 52s) — ev:298  price-band:119  time-window:90  liquidity:14
[2026-04-18T04:34:54.158Z] [btc-updown-5m-1776486600] Settled. PnL: +$0.00
[2026-04-18T04:34:54.259Z] [btc-updown-5m-1776486600] Session PnL: +$3.16
[2026-04-18T04:34:54.261Z] [btc-updown-5m-1776486600] destroy()
[2026-04-18T04:35:01.661Z] [btc-updown-5m-1776486900] skip-summary (1 in 301s) — time-window:1
[2026-04-18T04:36:01.708Z] [btc-updown-5m-1776486900] skip-summary (599 in 60s) — time-window:599
[2026-04-18T04:37:01.714Z] [btc-updown-5m-1776486900] skip-summary (599 in 60s) — time-window:599
[2026-04-18T04:38:01.750Z] [btc-updown-5m-1776486900] skip-summary (599 in 60s) — time-window:572  prob:20  liquidity:7
[2026-04-18T04:39:01.787Z] [btc-updown-5m-1776486900] skip-summary (599 in 60s) — ev:505  liquidity:73  prob:16  price-band:5
[2026-04-18T04:39:54.013Z] [btc-updown-5m-1776486900] skip-summary (521 in 52s) — price-band:182  ev:121  no-book:119  time-window:89  liquidity:9  divergence:1
[2026-04-18T04:39:54.119Z] [btc-updown-5m-1776486900] Settled. PnL: +$0.00
[2026-04-18T04:39:54.219Z] [btc-updown-5m-1776486900] Session PnL: +$3.16
[2026-04-18T04:39:54.220Z] [btc-updown-5m-1776486900] destroy()
[2026-04-18T04:40:01.189Z] [btc-updown-5m-1776487200] skip-summary (1 in 300s) — time-window:1
[2026-04-18T04:41:01.193Z] [btc-updown-5m-1776487200] skip-summary (599 in 60s) — time-window:599
[2026-04-18T04:42:01.222Z] [btc-updown-5m-1776487200] skip-summary (599 in 60s) — time-window:599
[2026-04-18T04:43:01.236Z] [btc-updown-5m-1776487200] skip-summary (599 in 60s) — time-window:577  price-band:22
[2026-04-18T04:44:01.328Z] [btc-updown-5m-1776487200] skip-summary (600 in 60s) — prob:261  liquidity:178  price-band:161
[2026-04-18T04:44:54.031Z] [btc-updown-5m-1776487200] skip-summary (526 in 53s) — prob:275  liquidity:161  time-window:90
[2026-04-18T04:44:54.206Z] [btc-updown-5m-1776487200] Settled. PnL: +$0.00
[2026-04-18T04:44:54.307Z] [btc-updown-5m-1776487200] Session PnL: +$3.16
[2026-04-18T04:44:54.314Z] [btc-updown-5m-1776487200] destroy()
[2026-04-18T04:45:01.546Z] [btc-updown-5m-1776487500] skip-summary (1 in 300s) — time-window:1
[2026-04-18T04:46:01.554Z] [btc-updown-5m-1776487500] skip-summary (599 in 60s) — time-window:599
[2026-04-18T04:47:01.605Z] [btc-updown-5m-1776487500] skip-summary (599 in 60s) — time-window:599
[2026-04-18T04:47:08.428Z] [shutdown] SIGTERM received. Initiating graceful shutdown...
[2026-04-18T04:47:08.431Z] [shutdown] SIGTERM received.
[2026-04-18T04:47:08.431Z] [shutdown] Signalling all lifecycles to cancel.
[2026-04-18T04:47:08.431Z] [shutdown] Waiting for 2 lifecycle(s) to settle...
[2026-04-18T04:47:08.522Z] [btc-updown-5m-1776487500] Settled. PnL: +$0.00
[2026-04-18T04:47:08.522Z] [btc-updown-5m-1776487800] Settled. PnL: +$0.00
[2026-04-18T04:47:08.573Z] [shutdown] SIGTERM received. Initiating graceful shutdown...
[2026-04-18T04:47:08.622Z] [btc-updown-5m-1776487500] Session PnL: +$3.16
[2026-04-18T04:47:08.623Z] [btc-updown-5m-1776487500] destroy()
[2026-04-18T04:47:08.623Z] [btc-updown-5m-1776487800] Session PnL: +$3.16
[2026-04-18T04:47:08.623Z] [btc-updown-5m-1776487800] destroy()
[2026-04-18T04:47:08.623Z] [shutdown] All settled. Exiting.
