[2026-04-18T01:50:07.394Z] [startup] Starting
[2026-04-18T01:50:09.525Z] [startup] BTC ticker ready
[2026-04-18T01:50:10.153Z] [startup] Nonce-guard fill feed output enabled: /home/brandon/.openclaw/workspace/polymarket/nonce-guard-bot/state/live-fills.jsonl
[2026-04-18T01:50:10.153Z] [startup] [PAPER] Paper balance: $500.00
[2026-04-18T01:50:10.153Z] [wallet] Init: $500.00
[2026-04-18T01:50:10.154Z] [startup] Min session PnL exit: $Infinity
[2026-04-18T01:50:10.155Z] [startup] Loading state from state/late-entry-btc-prod.json
[2026-04-18T01:55:01.122Z] [btc-updown-5m-1776477300] skip-summary (1 in 290s) — time-window:1
[2026-04-18T01:56:01.174Z] [btc-updown-5m-1776477300] skip-summary (599 in 60s) — time-window:599
[2026-04-18T01:57:01.226Z] [btc-updown-5m-1776477300] skip-summary (599 in 60s) — time-window:599
[2026-04-18T01:58:01.266Z] [btc-updown-5m-1776477300] skip-summary (599 in 60s) — time-window:577  price-band:22
[2026-04-18T01:59:01.312Z] [btc-updown-5m-1776477300] skip-summary (599 in 60s) — price-band:570  liquidity:12  divergence:10  prob:7
[2026-04-18T01:59:54.014Z] [btc-updown-5m-1776477300] skip-summary (526 in 53s) — prob:289  time-window:89  ev:68  liquidity:63  price-band:17
[2026-04-18T01:59:54.121Z] [btc-updown-5m-1776477300] Settled. PnL: +$0.00
[2026-04-18T01:59:54.221Z] [btc-updown-5m-1776477300] Session PnL: +$0.79
[2026-04-18T01:59:54.222Z] [btc-updown-5m-1776477300] destroy()
[2026-04-18T02:00:01.298Z] [btc-updown-5m-1776477600] skip-summary (1 in 300s) — time-window:1
[2026-04-18T02:00:29.478Z] [shutdown] SIGTERM received. Initiating graceful shutdown...
[2026-04-18T02:00:29.479Z] [shutdown] SIGTERM received.
[2026-04-18T02:00:29.479Z] [shutdown] Signalling all lifecycles to cancel.
[2026-04-18T02:00:29.480Z] [shutdown] Waiting for 2 lifecycle(s) to settle...
[2026-04-18T02:00:29.492Z] [btc-updown-5m-1776477600] Settled. PnL: +$0.00
[2026-04-18T02:00:29.492Z] [btc-updown-5m-1776477900] Settled. PnL: +$0.00
[2026-04-18T02:00:29.592Z] [btc-updown-5m-1776477600] Session PnL: +$0.79
[2026-04-18T02:00:29.592Z] [btc-updown-5m-1776477600] destroy()
[2026-04-18T02:00:29.592Z] [btc-updown-5m-1776477900] Session PnL: +$0.79
[2026-04-18T02:00:29.592Z] [btc-updown-5m-1776477900] destroy()
[2026-04-18T02:00:29.592Z] [shutdown] All settled. Exiting.
