[2026-04-18T05:16:26.320Z] [startup] Starting
[2026-04-18T05:16:28.554Z] [startup] BTC ticker ready
[2026-04-18T05:16:29.154Z] [startup] Nonce-guard fill feed output enabled: /home/brandon/.openclaw/workspace/polymarket/nonce-guard-bot/state/live-fills.jsonl
[2026-04-18T05:16:29.155Z] [startup] [PAPER] Paper balance: $500.00
[2026-04-18T05:16:29.155Z] [wallet] Init: $500.00
[2026-04-18T05:16:29.155Z] [startup] Min session PnL exit: $Infinity
[2026-04-18T05:16:29.156Z] [startup] Loading state from state/late-entry-btc-prod.json
[2026-04-18T05:20:01.179Z] [btc-updown-5m-1776489600] skip-summary (1 in 211s) — time-window:1
[2026-04-18T05:21:01.228Z] [btc-updown-5m-1776489600] skip-summary (599 in 60s) — time-window:599
[2026-04-18T05:22:01.232Z] [btc-updown-5m-1776489600] skip-summary (599 in 60s) — time-window:599
[2026-04-18T05:23:01.238Z] [btc-updown-5m-1776489600] skip-summary (599 in 60s) — time-window:577  price-band:22
[2026-04-18T05:24:01.278Z] [btc-updown-5m-1776489600] skip-summary (599 in 60s) — price-band:573  liquidity:14  prob:12
[2026-04-18T05:24:44.259Z] [btc-updown-5m-1776489600] skip-summary (429 in 43s) — liquidity:176  price-band:131  prob:110  ev:12
[2026-04-18T05:24:44.259Z] [btc-updown-5m-1776489600] ENTRY DOWN 12.98@0.770 P=87.2% edge=3.00% liq=$138
[2026-04-18T05:24:44.260Z] [wallet] lockBuy [btc-updown-5m-1776489600] PAPER BUY DOWN @ 0.77: -$9.99 | avail=$490.01
[2026-04-18T05:24:44.260Z] [btc-updown-5m-1776489600] PAPER FILLED BUY DOWN 12.98 shares @ 0.77
[2026-04-18T05:24:44.260Z] [btc-updown-5m-1776489600] BUY filled 12.98@0.770
[2026-04-18T05:24:53.084Z] [btc-updown-5m-1776489600] EXIT(time) SELL DOWN 12.98@0.160
[2026-04-18T05:24:53.084Z] [wallet] lockSell [btc-updown-5m-1776489600] PAPER SELL DOWN @ 0.16: -12.98 shares | availShares=-12.98
[2026-04-18T05:24:53.085Z] [btc-updown-5m-1776489600] PAPER FILLED SELL DOWN 12.98 shares @ 0.03
[2026-04-18T05:24:53.085Z] [btc-updown-5m-1776489600] SELL filled @ 0.160 (12.98) → $-7.92
[2026-04-18T05:24:54.203Z] [btc-updown-5m-1776489600] Settled. PnL: $-9.61
[2026-04-18T05:24:54.303Z] [btc-updown-5m-1776489600] Session PnL: $-6.45
[2026-04-18T05:24:54.306Z] [btc-updown-5m-1776489600] slot-PnL $-7.92 | streak=1 dailyLoss=$7.92
[2026-04-18T05:24:54.306Z] [btc-updown-5m-1776489600] destroy()
[2026-04-18T05:25:00.782Z] [btc-updown-5m-1776489900] skip-summary (1 in 300s) — time-window:1
[2026-04-18T05:26:00.828Z] [btc-updown-5m-1776489900] skip-summary (599 in 60s) — time-window:599
[2026-04-18T05:27:00.841Z] [btc-updown-5m-1776489900] skip-summary (599 in 60s) — time-window:599
[2026-04-18T05:28:00.875Z] [btc-updown-5m-1776489900] skip-summary (599 in 60s) — time-window:581  prob:18
[2026-04-18T05:29:00.898Z] [btc-updown-5m-1776489900] skip-summary (599 in 60s) — prob:415  liquidity:184
[2026-04-18T05:29:54.068Z] [btc-updown-5m-1776489900] skip-summary (531 in 53s) — prob:340  time-window:90  liquidity:81  ev:20
[2026-04-18T05:29:54.185Z] [btc-updown-5m-1776489900] Settled. PnL: +$0.00
[2026-04-18T05:29:54.285Z] [btc-updown-5m-1776489900] Session PnL: $-6.45
[2026-04-18T05:29:54.286Z] [btc-updown-5m-1776489900] destroy()
[2026-04-18T05:30:01.709Z] [btc-updown-5m-1776490200] skip-summary (1 in 301s) — time-window:1
[2026-04-18T05:31:01.728Z] [btc-updown-5m-1776490200] skip-summary (599 in 60s) — time-window:599
[2026-04-18T05:32:01.753Z] [btc-updown-5m-1776490200] skip-summary (599 in 60s) — time-window:599
[2026-04-18T05:33:01.787Z] [btc-updown-5m-1776490200] skip-summary (599 in 60s) — time-window:572  liquidity:27
[2026-04-18T05:34:01.806Z] [btc-updown-5m-1776490200] skip-summary (599 in 60s) — prob:297  liquidity:174  price-band:128
[2026-04-18T05:34:54.098Z] [btc-updown-5m-1776490200] skip-summary (522 in 52s) — price-band:322  time-window:90  prob:56  liquidity:54
[2026-04-18T05:34:54.204Z] [btc-updown-5m-1776490200] Settled. PnL: +$0.00
[2026-04-18T05:34:54.305Z] [btc-updown-5m-1776490200] Session PnL: $-6.45
[2026-04-18T05:34:54.305Z] [btc-updown-5m-1776490200] destroy()
[2026-04-18T05:35:01.156Z] [btc-updown-5m-1776490500] skip-summary (1 in 300s) — time-window:1
[2026-04-18T05:36:01.206Z] [btc-updown-5m-1776490500] skip-summary (599 in 60s) — time-window:599
[2026-04-18T05:37:01.238Z] [btc-updown-5m-1776490500] skip-summary (599 in 60s) — time-window:599
[2026-04-18T05:38:01.260Z] [btc-updown-5m-1776490500] skip-summary (599 in 60s) — time-window:577  liquidity:17  prob:5
[2026-04-18T05:39:01.296Z] [btc-updown-5m-1776490500] skip-summary (599 in 60s) — price-band:426  prob:115  liquidity:58
[2026-04-18T05:39:54.027Z] [btc-updown-5m-1776490500] skip-summary (526 in 53s) — price-band:436  time-window:90
[2026-04-18T05:39:54.156Z] [btc-updown-5m-1776490500] Settled. PnL: +$0.00
[2026-04-18T05:39:54.256Z] [btc-updown-5m-1776490500] Session PnL: $-6.45
[2026-04-18T05:39:54.257Z] [btc-updown-5m-1776490500] destroy()
[2026-04-18T05:40:00.668Z] [btc-updown-5m-1776490800] skip-summary (1 in 300s) — time-window:1
[2026-04-18T05:41:00.688Z] [btc-updown-5m-1776490800] skip-summary (599 in 60s) — time-window:599
[2026-04-18T05:42:00.702Z] [btc-updown-5m-1776490800] skip-summary (599 in 60s) — time-window:599
[2026-04-18T05:43:00.797Z] [btc-updown-5m-1776490800] skip-summary (600 in 60s) — time-window:583  prob:17
[2026-04-18T05:44:00.828Z] [btc-updown-5m-1776490800] skip-summary (599 in 60s) — prob:512  liquidity:87
[2026-04-18T05:44:54.055Z] [btc-updown-5m-1776490800] skip-summary (531 in 53s) — prob:235  liquidity:143  time-window:90  price-band:63
[2026-04-18T05:44:54.178Z] [btc-updown-5m-1776490800] Settled. PnL: +$0.00
[2026-04-18T05:44:54.278Z] [btc-updown-5m-1776490800] Session PnL: $-6.45
[2026-04-18T05:44:54.279Z] [btc-updown-5m-1776490800] destroy()
[2026-04-18T05:45:01.306Z] [btc-updown-5m-1776491100] skip-summary (1 in 300s) — time-window:1
[2026-04-18T05:46:01.330Z] [btc-updown-5m-1776491100] skip-summary (599 in 60s) — time-window:599
[2026-04-18T05:47:01.342Z] [btc-updown-5m-1776491100] skip-summary (599 in 60s) — time-window:599
[2026-04-18T05:48:01.378Z] [btc-updown-5m-1776491100] skip-summary (599 in 60s) — time-window:576  price-band:23
[2026-04-18T05:49:01.424Z] [btc-updown-5m-1776491100] skip-summary (599 in 60s) — price-band:332  prob:140  liquidity:127
[2026-04-18T05:49:54.044Z] [btc-updown-5m-1776491100] skip-summary (525 in 53s) — prob:291  liquidity:125  time-window:90  price-band:19
[2026-04-18T05:49:54.216Z] [btc-updown-5m-1776491100] Settled. PnL: +$0.00
[2026-04-18T05:49:54.316Z] [btc-updown-5m-1776491100] Session PnL: $-6.45
[2026-04-18T05:49:54.317Z] [btc-updown-5m-1776491100] destroy()
[2026-04-18T05:50:00.728Z] [btc-updown-5m-1776491400] skip-summary (1 in 300s) — time-window:1
[2026-04-18T05:51:00.738Z] [btc-updown-5m-1776491400] skip-summary (599 in 60s) — time-window:599
[2026-04-18T05:52:00.796Z] [btc-updown-5m-1776491400] skip-summary (599 in 60s) — time-window:599
[2026-04-18T05:53:00.854Z] [btc-updown-5m-1776491400] skip-summary (599 in 60s) — time-window:581  price-band:18
[2026-04-18T05:54:00.907Z] [btc-updown-5m-1776491400] skip-summary (599 in 60s) — price-band:599
[2026-04-18T05:54:54.022Z] [btc-updown-5m-1776491400] skip-summary (530 in 53s) — price-band:218  liquidity:126  prob:97  time-window:89
[2026-04-18T05:54:54.129Z] [btc-updown-5m-1776491400] Settled. PnL: +$0.00
[2026-04-18T05:54:54.228Z] [btc-updown-5m-1776491400] Session PnL: $-6.45
[2026-04-18T05:54:54.229Z] [btc-updown-5m-1776491400] destroy()
[2026-04-18T05:55:00.816Z] [btc-updown-5m-1776491700] skip-summary (1 in 300s) — time-window:1
[2026-04-18T05:56:00.850Z] [btc-updown-5m-1776491700] skip-summary (599 in 60s) — time-window:599
[2026-04-18T05:57:00.867Z] [btc-updown-5m-1776491700] skip-summary (599 in 60s) — time-window:599
[2026-04-18T05:58:00.914Z] [btc-updown-5m-1776491700] skip-summary (599 in 60s) — time-window:580  price-band:19
[2026-04-18T05:59:00.967Z] [btc-updown-5m-1776491700] skip-summary (599 in 60s) — price-band:599
[2026-04-18T05:59:54.078Z] [btc-updown-5m-1776491700] skip-summary (530 in 53s) — price-band:373  time-window:90  prob:36  liquidity:31
[2026-04-18T05:59:54.273Z] [btc-updown-5m-1776491700] Settled. PnL: +$0.00
[2026-04-18T05:59:54.373Z] [btc-updown-5m-1776491700] Session PnL: $-6.45
[2026-04-18T05:59:54.374Z] [btc-updown-5m-1776491700] destroy()
[2026-04-18T06:00:01.356Z] [btc-updown-5m-1776492000] skip-summary (1 in 300s) — time-window:1
[2026-04-18T06:01:01.377Z] [btc-updown-5m-1776492000] skip-summary (599 in 60s) — time-window:599
[2026-04-18T06:02:01.392Z] [btc-updown-5m-1776492000] skip-summary (599 in 60s) — time-window:599
[2026-04-18T06:03:01.448Z] [btc-updown-5m-1776492000] skip-summary (599 in 60s) — time-window:575  price-band:24
[2026-04-18T06:04:01.485Z] [btc-updown-5m-1776492000] skip-summary (599 in 60s) — price-band:369  prob:172  liquidity:58
[2026-04-18T06:04:54.004Z] [btc-updown-5m-1776492000] skip-summary (524 in 53s) — price-band:302  time-window:89  prob:68  liquidity:65
[2026-04-18T06:04:54.151Z] [btc-updown-5m-1776492000] Settled. PnL: +$0.00
[2026-04-18T06:04:54.251Z] [btc-updown-5m-1776492000] Session PnL: $-6.45
[2026-04-18T06:04:54.252Z] [btc-updown-5m-1776492000] destroy()
[2026-04-18T06:05:00.694Z] [btc-updown-5m-1776492300] skip-summary (1 in 300s) — time-window:1
[2026-04-18T06:06:00.730Z] [btc-updown-5m-1776492300] skip-summary (599 in 60s) — time-window:599
[2026-04-18T06:07:00.764Z] [btc-updown-5m-1776492300] skip-summary (599 in 60s) — time-window:599
[2026-04-18T06:08:00.769Z] [btc-updown-5m-1776492300] skip-summary (599 in 60s) — time-window:582  price-band:17
[2026-04-18T06:09:00.814Z] [btc-updown-5m-1776492300] skip-summary (599 in 60s) — price-band:359  prob:127  liquidity:113
[2026-04-18T06:09:54.035Z] [btc-updown-5m-1776492300] skip-summary (531 in 53s) — prob:275  liquidity:156  time-window:90  ev:10
[2026-04-18T06:09:54.186Z] [btc-updown-5m-1776492300] Settled. PnL: +$0.00
[2026-04-18T06:09:54.287Z] [btc-updown-5m-1776492300] Session PnL: $-6.45
[2026-04-18T06:09:54.287Z] [btc-updown-5m-1776492300] destroy()
[2026-04-18T06:10:00.653Z] [btc-updown-5m-1776492600] skip-summary (1 in 299s) — time-window:1
[2026-04-18T06:11:00.671Z] [btc-updown-5m-1776492600] skip-summary (599 in 60s) — time-window:599
[2026-04-18T06:12:00.725Z] [btc-updown-5m-1776492600] skip-summary (599 in 60s) — time-window:599
[2026-04-18T06:13:00.725Z] [btc-updown-5m-1776492600] skip-summary (598 in 60s) — time-window:581  prob:16  liquidity:1
[2026-04-18T06:14:00.799Z] [btc-updown-5m-1776492600] skip-summary (599 in 60s) — prob:517  liquidity:82
[2026-04-18T06:14:54.027Z] [btc-updown-5m-1776492600] skip-summary (531 in 53s) — prob:205  liquidity:134  price-band:102  time-window:90
[2026-04-18T06:14:54.128Z] [btc-updown-5m-1776492600] Settled. PnL: +$0.00
[2026-04-18T06:14:54.228Z] [btc-updown-5m-1776492600] Session PnL: $-6.45
[2026-04-18T06:14:54.229Z] [btc-updown-5m-1776492600] destroy()
[2026-04-18T06:15:01.343Z] [btc-updown-5m-1776492900] skip-summary (1 in 300s) — time-window:1
[2026-04-18T06:16:01.371Z] [btc-updown-5m-1776492900] skip-summary (599 in 60s) — time-window:599
[2026-04-18T06:17:01.401Z] [btc-updown-5m-1776492900] skip-summary (599 in 60s) — time-window:599
[2026-04-18T06:18:01.408Z] [btc-updown-5m-1776492900] skip-summary (599 in 60s) — time-window:575  price-band:24
[2026-04-18T06:19:01.443Z] [btc-updown-5m-1776492900] skip-summary (599 in 60s) — price-band:207  liquidity:207  prob:185
[2026-04-18T06:19:54.046Z] [btc-updown-5m-1776492900] skip-summary (525 in 53s) — prob:277  liquidity:158  time-window:90
[2026-04-18T06:19:54.187Z] [btc-updown-5m-1776492900] Settled. PnL: +$0.00
[2026-04-18T06:19:54.288Z] [btc-updown-5m-1776492900] Session PnL: $-6.45
[2026-04-18T06:19:54.288Z] [btc-updown-5m-1776492900] destroy()
[2026-04-18T06:20:01.118Z] [btc-updown-5m-1776493200] skip-summary (1 in 300s) — time-window:1
[2026-04-18T06:21:01.144Z] [btc-updown-5m-1776493200] skip-summary (599 in 60s) — time-window:599
[2026-04-18T06:22:01.188Z] [btc-updown-5m-1776493200] skip-summary (599 in 60s) — time-window:599
[2026-04-18T06:23:01.236Z] [btc-updown-5m-1776493200] skip-summary (599 in 60s) — time-window:577  liquidity:16  prob:6
[2026-04-18T06:24:01.311Z] [btc-updown-5m-1776493200] skip-summary (599 in 60s) — prob:475  liquidity:124
[2026-04-18T06:24:54.027Z] [btc-updown-5m-1776493200] skip-summary (526 in 53s) — price-band:205  prob:169  time-window:89  liquidity:63
[2026-04-18T06:24:54.210Z] [btc-updown-5m-1776493200] Settled. PnL: +$0.00
[2026-04-18T06:24:54.310Z] [btc-updown-5m-1776493200] Session PnL: $-6.45
[2026-04-18T06:24:54.310Z] [btc-updown-5m-1776493200] destroy()
[2026-04-18T06:25:00.683Z] [btc-updown-5m-1776493500] skip-summary (1 in 300s) — time-window:1
[2026-04-18T06:26:00.725Z] [btc-updown-5m-1776493500] skip-summary (599 in 60s) — time-window:599
[2026-04-18T06:27:00.779Z] [btc-updown-5m-1776493500] skip-summary (599 in 60s) — time-window:599
[2026-04-18T06:28:00.840Z] [btc-updown-5m-1776493500] skip-summary (599 in 60s) — time-window:581  price-band:18
[2026-04-18T06:29:00.909Z] [btc-updown-5m-1776493500] skip-summary (599 in 60s) — price-band:599
[2026-04-18T06:29:54.047Z] [btc-updown-5m-1776493500] skip-summary (530 in 53s) — price-band:429  time-window:90  prob:8  liquidity:3
[2026-04-18T06:29:54.181Z] [btc-updown-5m-1776493500] Settled. PnL: +$0.00
[2026-04-18T06:29:54.281Z] [btc-updown-5m-1776493500] Session PnL: $-6.45
[2026-04-18T06:29:54.281Z] [btc-updown-5m-1776493500] destroy()
[2026-04-18T06:30:01.812Z] [btc-updown-5m-1776493800] skip-summary (1 in 301s) — time-window:1
[2026-04-18T06:31:01.858Z] [btc-updown-5m-1776493800] skip-summary (599 in 60s) — time-window:599
[2026-04-18T06:32:01.896Z] [btc-updown-5m-1776493800] skip-summary (599 in 60s) — time-window:599
[2026-04-18T06:33:01.980Z] [btc-updown-5m-1776493800] skip-summary (599 in 60s) — time-window:570  price-band:29
[2026-04-18T06:34:02.064Z] [btc-updown-5m-1776493800] skip-summary (599 in 60s) — price-band:397  prob:116  liquidity:86
[2026-04-18T06:34:54.019Z] [btc-updown-5m-1776493800] skip-summary (518 in 52s) — price-band:429  time-window:89
[2026-04-18T06:34:54.183Z] [btc-updown-5m-1776493800] Settled. PnL: +$0.00
[2026-04-18T06:34:54.282Z] [btc-updown-5m-1776493800] Session PnL: $-6.45
[2026-04-18T06:34:54.283Z] [btc-updown-5m-1776493800] destroy()
[2026-04-18T06:35:00.734Z] [btc-updown-5m-1776494100] skip-summary (1 in 299s) — time-window:1
[2026-04-18T06:36:00.816Z] [btc-updown-5m-1776494100] skip-summary (599 in 60s) — time-window:599
[2026-04-18T06:37:00.903Z] [btc-updown-5m-1776494100] skip-summary (599 in 60s) — time-window:599
[2026-04-18T06:38:00.985Z] [btc-updown-5m-1776494100] skip-summary (599 in 60s) — time-window:580  price-band:19
[2026-04-18T06:39:01.054Z] [btc-updown-5m-1776494100] skip-summary (599 in 60s) — price-band:599
[2026-04-18T06:39:54.009Z] [btc-updown-5m-1776494100] skip-summary (528 in 53s) — price-band:439  time-window:89
[2026-04-18T06:39:54.158Z] [btc-updown-5m-1776494100] Settled. PnL: +$0.00
[2026-04-18T06:39:54.259Z] [btc-updown-5m-1776494100] Session PnL: $-6.45
[2026-04-18T06:39:54.259Z] [btc-updown-5m-1776494100] destroy()
[2026-04-18T06:40:00.686Z] [btc-updown-5m-1776494400] skip-summary (1 in 300s) — time-window:1
[2026-04-18T06:41:00.754Z] [btc-updown-5m-1776494400] skip-summary (599 in 60s) — time-window:599
[2026-04-18T06:42:00.816Z] [btc-updown-5m-1776494400] skip-summary (599 in 60s) — time-window:599
[2026-04-18T06:43:00.865Z] [btc-updown-5m-1776494400] skip-summary (599 in 60s) — time-window:581  prob:17  liquidity:1
[2026-04-18T06:44:00.951Z] [btc-updown-5m-1776494400] skip-summary (599 in 60s) — prob:424  liquidity:175
[2026-04-18T06:44:54.039Z] [btc-updown-5m-1776494400] skip-summary (529 in 53s) — prob:159  price-band:127  time-window:90  ev:87  liquidity:66
[2026-04-18T06:44:54.150Z] [btc-updown-5m-1776494400] Settled. PnL: +$0.00
[2026-04-18T06:44:54.250Z] [btc-updown-5m-1776494400] Session PnL: $-6.45
[2026-04-18T06:44:54.251Z] [btc-updown-5m-1776494400] destroy()
[2026-04-18T06:45:00.719Z] [btc-updown-5m-1776494700] skip-summary (1 in 299s) — time-window:1
[2026-04-18T06:46:00.781Z] [btc-updown-5m-1776494700] skip-summary (599 in 60s) — time-window:599
[2026-04-18T06:46:46.083Z] [shutdown] SIGTERM received. Initiating graceful shutdown...
[2026-04-18T06:46:46.084Z] [shutdown] SIGTERM received.
[2026-04-18T06:46:46.084Z] [shutdown] Signalling all lifecycles to cancel.
[2026-04-18T06:46:46.084Z] [shutdown] Waiting for 2 lifecycle(s) to settle...
[2026-04-18T06:46:46.140Z] [shutdown] SIGTERM received. Initiating graceful shutdown...
[2026-04-18T06:46:46.148Z] [btc-updown-5m-1776494700] Settled. PnL: +$0.00
[2026-04-18T06:46:46.148Z] [btc-updown-5m-1776495000] Settled. PnL: +$0.00
[2026-04-18T06:46:46.247Z] [btc-updown-5m-1776494700] Session PnL: $-6.45
[2026-04-18T06:46:46.248Z] [btc-updown-5m-1776494700] destroy()
[2026-04-18T06:46:46.248Z] [btc-updown-5m-1776495000] Session PnL: $-6.45
[2026-04-18T06:46:46.248Z] [btc-updown-5m-1776495000] destroy()
[2026-04-18T06:46:46.248Z] [shutdown] All settled. Exiting.
