[2026-04-17T22:06:31.755Z] [startup] Starting
[2026-04-17T22:06:34.591Z] [startup] BTC ticker ready
[2026-04-17T22:06:35.116Z] [startup] Nonce-guard fill feed output enabled: /home/brandon/.openclaw/workspace/polymarket/nonce-guard-bot/state/live-fills.jsonl
[2026-04-17T22:06:35.117Z] [startup] [PAPER] Paper balance: $500.00
[2m[2026-04-17T22:06:35.117Z] [wallet] Init: $500.00[0m
[2026-04-17T22:06:35.117Z] [startup] Min session PnL exit: $Infinity
[2026-04-17T22:06:35.117Z] [startup] Loading state from state/late-entry-btc-prod.json
[2m[2026-04-17T22:10:13.283Z] [btc-updown-5m-1776463800] skip-summary (1 in 217s) — time-window:1[0m
[2m[2026-04-17T22:11:13.357Z] [btc-updown-5m-1776463800] skip-summary (562 in 60s) — time-window:562[0m
[2m[2026-04-17T22:12:13.432Z] [btc-updown-5m-1776463800] skip-summary (562 in 60s) — time-window:562[0m
[2m[2026-04-17T22:13:15.399Z] [btc-updown-5m-1776463800] skip-summary (581 in 62s) — time-window:437  price-band:143  divergence:1[0m
[2m[2026-04-17T22:14:15.478Z] [btc-updown-5m-1776463800] skip-summary (581 in 60s) — price-band:581[0m
[2m[2026-04-17T22:14:54.086Z] [btc-updown-5m-1776463800] skip-summary (367 in 39s) — price-band:148  liquidity:103  time-window:90  prob:26[0m
[32m[2026-04-17T22:14:54.232Z] [btc-updown-5m-1776463800] Settled. PnL: +$0.00[0m
[32m[2026-04-17T22:14:54.330Z] [btc-updown-5m-1776463800] Session PnL: +$2.10[0m
[2m[2026-04-17T22:14:54.332Z] [btc-updown-5m-1776463800] destroy()[0m
[2m[2026-04-17T22:15:17.340Z] [btc-updown-5m-1776464100] skip-summary (1 in 316s) — time-window:1[0m
[2m[2026-04-17T22:16:17.362Z] [btc-updown-5m-1776464100] skip-summary (562 in 60s) — time-window:562[0m
[2m[2026-04-17T22:17:17.408Z] [btc-updown-5m-1776464100] skip-summary (562 in 60s) — time-window:562[0m
[2m[2026-04-17T22:18:17.430Z] [btc-updown-5m-1776464100] skip-summary (578 in 60s) — time-window:395  price-band:72  prob:51  liquidity:47  divergence:13[0m
[2m[2026-04-17T22:19:17.489Z] [btc-updown-5m-1776464100] skip-summary (560 in 60s) — ev:230  liquidity:213  prob:60  divergence:57[0m
[2m[2026-04-17T22:19:54.063Z] [btc-updown-5m-1776464100] skip-summary (345 in 37s) — time-window:90  liquidity:78  price-band:67  divergence:58  ev:52[0m
[32m[2026-04-17T22:19:54.164Z] [btc-updown-5m-1776464100] Settled. PnL: +$0.00[0m
[32m[2026-04-17T22:19:54.265Z] [btc-updown-5m-1776464100] Session PnL: +$2.10[0m
[2m[2026-04-17T22:19:54.265Z] [btc-updown-5m-1776464100] destroy()[0m
